=== Device boot ===
31063(device3_intouch.log): 2014-01-26 09:55:07Boot Start
31176(device3_intouch.log): 2014-01-2609:58:04 Boot Completed
   Boot Time: 177000ms

=== Device boot ===
31274(device3_intouch.log): 2014-01-26 12:15:18Boot Start
**** Incomplete boot ****

=== Device boot ===
31293(device3_intouch.log): 2014-01-26 14:02:39Boot Start
31401(device3_intouch.log): 2014-01-2614:05:24 Boot Completed
   Boot Time: 165000ms

=== Device boot ===
32623(device3_intouch.log): 2014-01-27 12:27:55Boot Start
**** Incomplete boot ****

=== Device boot ===
32641(device3_intouch.log): 2014-01-27 12:30:23Boot Start
**** Incomplete boot ****

=== Device boot ===
32656(device3_intouch.log): 2014-01-27 12:32:51Boot Start
**** Incomplete boot ****

=== Device boot ===
32674(device3_intouch.log): 2014-01-27 12:35:19Boot Start
**** Incomplete boot ****

=== Device boot ===
32693(device3_intouch.log): 2014-01-27 14:02:38Boot Start
32801(device3_intouch.log): 2014-01-2714:05:21 Boot Completed
   Boot Time: 163000ms

=== Device boot ===
33709(device3_intouch.log): 2014-01-28 12:44:17Boot Start
**** Incomplete boot ****

=== Device boot ===
33725(device3_intouch.log): 2014-01-28 14:02:33Boot Start
33833(device3_intouch.log): 2014-01-2814:05:15 Boot Completed
   Boot Time: 162000ms

=== Device boot ===
34594(device3_intouch.log): 2014-01-29 12:43:07Boot Start
**** Incomplete boot ****

=== Device boot ===
34613(device3_intouch.log): 2014-01-29 14:02:35Boot Start
34721(device3_intouch.log): 2014-01-2914:05:19 Boot Completed
   Boot Time: 164000ms

=== Device boot ===
37428(device3_intouch.log): 2014-01-30 12:43:05Boot Start
**** Incomplete boot ****

=== Device boot ===
37447(device3_intouch.log): 2014-01-30 14:02:40Boot Start
37555(device3_intouch.log): 2014-01-3014:05:22 Boot Completed
   Boot Time: 162000ms

=== Device boot ===
38258(device3_intouch.log): 2014-01-31 14:02:33Boot Start
38366(device3_intouch.log): 2014-01-3114:05:16 Boot Completed
   Boot Time: 163000ms

=== Device boot ===
39150(device3_intouch.log): 2014-02-01 12:39:38Boot Start
**** Incomplete boot ****

=== Device boot ===
39166(device3_intouch.log): 2014-02-01 12:42:07Boot Start
**** Incomplete boot ****

=== Device boot ===
39182(device3_intouch.log): 2014-02-01 14:02:32Boot Start
39290(device3_intouch.log): 2014-02-0114:05:16 Boot Completed
   Boot Time: 164000ms

=== Device boot ===
40288(device3_intouch.log): 2014-02-02 14:02:39Boot Start
40397(device3_intouch.log): 2014-02-0214:05:31 Boot Completed
   Boot Time: 172000ms

=== Device boot ===
41615(device3_intouch.log): 2014-02-03 12:35:55Boot Start
**** Incomplete boot ****

=== Device boot ===
41633(device3_intouch.log): 2014-02-03 12:38:22Boot Start
**** Incomplete boot ****

=== Device boot ===
41648(device3_intouch.log): 2014-02-03 12:40:48Boot Start
**** Incomplete boot ****

=== Device boot ===
41666(device3_intouch.log): 2014-02-03 12:43:17Boot Start
**** Incomplete boot ****

=== Device boot ===
41684(device3_intouch.log): 2014-02-03 12:45:46Boot Start
**** Incomplete boot ****

=== Device boot ===
41694(device3_intouch.log): 2014-02-03 14:02:34Boot Start
41802(device3_intouch.log): 2014-02-0314:05:18 Boot Completed
   Boot Time: 164000ms

